[17:58:00.575] === MATLAB BG Patcher v1.0 ===
[17:58:00.613] Config: image='C:\Users\xvsu\Desktop\bg.png' opacity=25 dimming=0 scaleMode=1
[17:58:00.618] Overlay created: hwnd=0x00000000003916AE
[17:58:00.626] No MATLAB process found (checked MATLAB.exe, MATLABWindow.exe).
[17:58:00.626] Is MATLAB running? Start MATLAB first, then run matlab_bg.exe.
[17:58:01.143] No MATLAB process found (checked MATLAB.exe, MATLABWindow.exe).
[17:58:01.144] Is MATLAB running? Start MATLAB first, then run matlab_bg.exe.
[17:58:01.660] No MATLAB process found (checked MATLAB.exe, MATLABWindow.exe).
[17:58:01.660] Is MATLAB running? Start MATLAB first, then run matlab_bg.exe.
[17:58:02.174] No MATLAB process found (checked MATLAB.exe, MATLABWindow.exe).
[17:58:02.174] Is MATLAB running? Start MATLAB first, then run matlab_bg.exe.
[17:58:02.687] No MATLAB process found (checked MATLAB.exe, MATLABWindow.exe).
[17:58:02.687] Is MATLAB running? Start MATLAB first, then run matlab_bg.exe.
[17:58:03.202] No MATLAB process found (checked MATLAB.exe, MATLABWindow.exe).
[17:58:03.203] Is MATLAB running? Start MATLAB first, then run matlab_bg.exe.
[17:58:03.719] No MATLAB process found (checked MATLAB.exe, MATLABWindow.exe).
[17:58:03.720] Is MATLAB running? Start MATLAB first, then run matlab_bg.exe.
[17:58:04.234] No MATLAB process found (checked MATLAB.exe, MATLABWindow.exe).
[17:58:04.235] Is MATLAB running? Start MATLAB first, then run matlab_bg.exe.
[17:58:04.749] No MATLAB process found (checked MATLAB.exe, MATLABWindow.exe).
[17:58:04.749] Is MATLAB running? Start MATLAB first, then run matlab_bg.exe.
[17:58:05.264] No MATLAB process found (checked MATLAB.exe, MATLABWindow.exe).
[17:58:05.265] Is MATLAB running? Start MATLAB first, then run matlab_bg.exe.
[17:58:05.778] No MATLAB process found (checked MATLAB.exe, MATLABWindow.exe).
[17:58:05.778] Is MATLAB running? Start MATLAB first, then run matlab_bg.exe.
[17:58:06.294] No MATLAB process found (checked MATLAB.exe, MATLABWindow.exe).
[17:58:06.295] Is MATLAB running? Start MATLAB first, then run matlab_bg.exe.
[17:58:06.808] No MATLAB process found (checked MATLAB.exe, MATLABWindow.exe).
[17:58:06.808] Is MATLAB running? Start MATLAB first, then run matlab_bg.exe.
[17:58:07.326] No MATLAB process found (checked MATLAB.exe, MATLABWindow.exe).
[17:58:07.326] Is MATLAB running? Start MATLAB first, then run matlab_bg.exe.
[17:58:07.841] No MATLAB process found (checked MATLAB.exe, MATLABWindow.exe).
[17:58:07.842] Is MATLAB running? Start MATLAB first, then run matlab_bg.exe.
[17:58:08.360] No MATLAB process found (checked MATLAB.exe, MATLABWindow.exe).
[17:58:08.361] Is MATLAB running? Start MATLAB first, then run matlab_bg.exe.
[17:58:08.877] No MATLAB process found (checked MATLAB.exe, MATLABWindow.exe).
[17:58:08.878] Is MATLAB running? Start MATLAB first, then run matlab_bg.exe.
[17:58:09.391] No MATLAB process found (checked MATLAB.exe, MATLABWindow.exe).
[17:58:09.391] Is MATLAB running? Start MATLAB first, then run matlab_bg.exe.
[17:58:09.910] MATLAB PIDs found: 33820 21628 — scanning windows...
[17:58:09.913]   [scan] hwnd=0x00000000000617A6 class='ConsoleWindowClass' title='MATLAB R2025a' exe=matlab.exe rect=(-21333,-21333,-21175,-21307)
[17:58:09.914] Selected MATLAB window: hwnd=0x00000000000617A6 class='ConsoleWindowClass' title='MATLAB R2025a' pid=33820 rect=(-21333,-21333,-21175,-21307) area=4108
[17:58:09.915] WinEvent hook installed for thread 3896
[17:58:09.923] Image loaded: C:\Users\xvsu\Desktop\bg.png (1065 x 824)
[17:58:10.923] MATLAB PIDs found: 21628 34308 — scanning windows...
[17:58:10.924]   [scan] hwnd=0x00000000002E0DD2 class='WindowClass' title='MATLAB' exe=MATLAB.exe rect=(88,54,1553,979)
[17:58:10.926] Selected MATLAB window: hwnd=0x00000000002E0DD2 class='WindowClass' title='MATLAB' pid=21628 rect=(88,54,1553,979) area=1355125
